<?xml version="1.0" encoding="UTF-8"?>
<!-- Generated by org.testng.reporters.JUnitReportReporter -->
<testsuite hostname="DESKTOP-HFPQI8T" failures="0" tests="1" name="Champaign_Practice.CreateProduct" time="12.734" errors="0" timestamp="2025-04-01T19:08:26 IST" skipped="0">
  <testcase classname="Champaign_Practice.CreateProduct" name="createProductTest" time="12.734"/>
  <system-out>
    <![CDATA[CampaignBanner_2064added sucessfylly
CampaignBanner_1114added sucessfylly
ContactNameRashmi_1376added sucessfylly
Validation is passed]]>
  </system-out>
</testsuite> <!-- Champaign_Practice.CreateProduct -->
