<?xml version="1.0" encoding="UTF-8"?>
<!-- Generated by org.testng.reporters.JUnitReportReporter -->
<testsuite hostname="DESKTOP-HFPQI8T" failures="0" tests="3" name="DDT_Practice.DataProviderUsage" time="0.034" errors="0" timestamp="2025-03-27T19:27:52 IST" skipped="0">
  <testcase classname="DDT_Practice.DataProviderUsage" name="testCase" time="0.027"/>
  <testcase classname="DDT_Practice.DataProviderUsage" name="testCase" time="0.004"/>
  <testcase classname="DDT_Practice.DataProviderUsage" name="testCase" time="0.003"/>
</testsuite> <!-- DDT_Practice.DataProviderUsage -->
