<?xml version="1.0" encoding="UTF-8"?>
<!-- Generated by org.testng.reporters.JUnitReportReporter -->
<testsuite hostname="DESKTOP-HFPQI8T" failures="0" tests="1" name="login.Login_Test" time="5.589" errors="0" timestamp="2025-04-01T19:08:26 IST" skipped="0">
  <testcase classname="login.Login_Test" name="loginTest" time="5.589">
    <system-out>
      <![CDATA[Validation is passed]]>
    </system-out>
  </testcase> <!-- loginTest -->
  <system-out>
    <![CDATA[CampaignBanner_2064added sucessfylly
CampaignBanner_1114added sucessfylly
ContactNameRashmi_1376added sucessfylly
Validation is passed]]>
  </system-out>
</testsuite> <!-- login.Login_Test -->
