<?xml version="1.0" encoding="UTF-8"?>
<!-- Generated by org.testng.reporters.JUnitReportReporter -->
<testsuite hostname="DESKTOP-HFPQI8T" failures="0" tests="1" name="Champaign_Practice.CampaignContactFilling" time="28.220" errors="0" timestamp="2025-04-01T19:08:26 IST" skipped="0">
  <testcase classname="Champaign_Practice.CampaignContactFilling" name="contactFillingTest" time="28.220">
    <system-out>
      <![CDATA[ContactNameRashmi_1376added sucessfylly]]>
    </system-out>
  </testcase> <!-- contactFillingTest -->
  <system-out>
    <![CDATA[CampaignBanner_2064added sucessfylly
CampaignBanner_1114added sucessfylly
ContactNameRashmi_1376added sucessfylly
Validation is passed]]>
  </system-out>
</testsuite> <!-- Champaign_Practice.CampaignContactFilling -->
