<?xml version="1.0" encoding="UTF-8"?>
<!-- Generated by org.testng.reporters.JUnitReportReporter -->
<testsuite hostname="DESKTOP-HFPQI8T" failures="0" tests="2" name="Champaign_Practice.Create_Campaign" time="32.549" errors="0" timestamp="2025-04-01T19:08:26 IST" skipped="0">
  <testcase classname="Champaign_Practice.Create_Campaign" name="createCampaignWithDateTest" time="12.538">
    <system-out>
      <![CDATA[CampaignBanner_1114added sucessfylly]]>
    </system-out>
  </testcase> <!-- createCampaignWithDateTest -->
  <testcase classname="Champaign_Practice.Create_Campaign" name="createCampaignTest" time="20.011">
    <system-out>
      <![CDATA[CampaignBanner_2064added sucessfylly]]>
    </system-out>
  </testcase> <!-- createCampaignTest -->
  <system-out>
    <![CDATA[CampaignBanner_2064added sucessfylly
CampaignBanner_1114added sucessfylly
ContactNameRashmi_1376added sucessfylly
Validation is passed]]>
  </system-out>
</testsuite> <!-- Champaign_Practice.Create_Campaign -->
